 (0,0): [11.02.2018 04:41:15.999 ] Unity incremental compiler server
 (0,0): [11.02.2018 04:41:16.833 ] watchdog active on pid: 1020
 (0,0): [11.02.2018 04:41:36.335 ] Unity.Postprocessing.Runtime.dll: no prior compilation found in cache. Caller PID: 1020
 (0,0): [11.02.2018 04:41:36.335 ] Unity.TextMeshPro.dll: no prior compilation found in cache. Caller PID: 1020
 (0,0): [11.02.2018 04:41:36.350 ] Unity.Postprocessing.Runtime.dll compiling...
 (0,0): [11.02.2018 04:41:36.336 ] Unity.RenderPipelines.Core.Runtime.dll: no prior compilation found in cache. Caller PID: 1020
 (0,0): [11.02.2018 04:41:36.335 ] Unity.Mathematics.dll: no prior compilation found in cache. Caller PID: 1020
 (0,0): [11.02.2018 04:41:36.350 ] Unity.TextMeshPro.dll compiling...
 (0,0): [11.02.2018 04:41:36.373 ] Unity.RenderPipelines.Core.Runtime.dll compiling...
 (0,0): [11.02.2018 04:41:36.373 ] Unity.Mathematics.dll compiling...
 (0,0): [11.02.2018 04:41:47.386 ] Unity.RenderPipelines.Core.Runtime.dll: emitting IL to : C:\Works\git\LiveWallpaperForAndroid\HEX\Temp\Unity.RenderPipelines.Core.Runtime.dll
 (0,0): [11.02.2018 04:41:47.386 ] Unity.Postprocessing.Runtime.dll: emitting IL to : C:\Works\git\LiveWallpaperForAndroid\HEX\Temp\Unity.Postprocessing.Runtime.dll
 (0,0): [11.02.2018 04:41:47.386 ] Unity.TextMeshPro.dll: emitting IL to : C:\Works\git\LiveWallpaperForAndroid\HEX\Temp\Unity.TextMeshPro.dll
 (0,0): [11.02.2018 04:41:47.433 ] Unity.Mathematics.dll: emitting IL to : C:\Works\git\LiveWallpaperForAndroid\HEX\Temp\Unity.Mathematics.dll
 (0,0): [11.02.2018 04:41:47.457 ] Unity.RenderPipelines.Core.Runtime.dll compilation finished in 11083ms  source files re-parsed: 13 metadata reloaded: 201
 (0,0): [11.02.2018 04:41:47.457 ] Unity.Mathematics.dll compilation finished in 11083ms  source files re-parsed: 82 metadata reloaded: 196
 (0,0): [11.02.2018 04:41:47.457 ] Unity.TextMeshPro.dll compilation finished in 11106ms  source files re-parsed: 45 metadata reloaded: 184
 (0,0): [11.02.2018 04:41:47.467 ] Unity.RenderPipelines.Core.Runtime.dll: session status updated to IncrementalCompilationStatus.Finished for Caller PID: 1020
 (0,0): [11.02.2018 04:41:47.467 ] Unity.TextMeshPro.dll: session status updated to IncrementalCompilationStatus.Finished for Caller PID: 1020
 (0,0): [11.02.2018 04:41:47.467 ] Unity.Mathematics.dll: session status updated to IncrementalCompilationStatus.Finished for Caller PID: 1020
 (0,0): [11.02.2018 04:41:47.477 ] Unity.Postprocessing.Runtime.dll compilation finished in 11126ms  source files re-parsed: 56 metadata reloaded: 181
 (0,0): [11.02.2018 04:41:47.490 ] Unity.Postprocessing.Runtime.dll: session status updated to IncrementalCompilationStatus.Finished for Caller PID: 1020
 (0,0): [11.02.2018 04:41:48.186 ] Unity.Collections.dll: no prior compilation found in cache. Caller PID: 1020
 (0,0): [11.02.2018 04:41:48.196 ] Unity.Collections.dll compiling...
 (0,0): [11.02.2018 04:41:48.293 ] Unity.Properties.dll: no prior compilation found in cache. Caller PID: 1020
 (0,0): [11.02.2018 04:41:48.303 ] Unity.Properties.dll compiling...
 (0,0): [11.02.2018 04:41:48.560 ] Unity.Burst.dll: no prior compilation found in cache. Caller PID: 1020
 (0,0): [11.02.2018 04:41:48.570 ] Unity.Burst.dll compiling...
 (0,0): [11.02.2018 04:41:49.015 ] Unity.Burst.dll: emitting IL to : C:\Works\git\LiveWallpaperForAndroid\HEX\Temp\Unity.Burst.dll
 (0,0): [11.02.2018 04:41:49.026 ] Unity.Burst.dll compilation finished in 456ms  source files re-parsed: 3 metadata reloaded: 0
 (0,0): [11.02.2018 04:41:49.078 ] Unity.Collections.dll: emitting IL to : C:\Works\git\LiveWallpaperForAndroid\HEX\Temp\Unity.Collections.dll
 (0,0): [11.02.2018 04:41:49.079 ] Unity.Burst.dll: session status updated to IncrementalCompilationStatus.Finished for Caller PID: 1020
 (0,0): [11.02.2018 04:41:49.086 ] Unity.RenderPipelines.HighDefinition.Runtime.dll: no prior compilation found in cache. Caller PID: 1020
 (0,0): [11.02.2018 04:41:49.090 ] Unity.Collections.dll compilation finished in 894ms  source files re-parsed: 12 metadata reloaded: 1
 (0,0): [11.02.2018 04:41:49.096 ] Unity.RenderPipelines.HighDefinition.Runtime.dll compiling...
 (0,0): [11.02.2018 04:41:49.100 ] Unity.Collections.dll: session status updated to IncrementalCompilationStatus.Finished for Caller PID: 1020
 (0,0): [11.02.2018 04:41:49.110 ] Unity.Properties.dll: emitting IL to : C:\Works\git\LiveWallpaperForAndroid\HEX\Temp\Unity.Properties.dll
 (0,0): [11.02.2018 04:41:49.122 ] Unity.Properties.dll compilation finished in 819ms  source files re-parsed: 34 metadata reloaded: 0
 (0,0): [11.02.2018 04:41:49.132 ] Unity.Properties.dll: session status updated to IncrementalCompilationStatus.Finished for Caller PID: 1020
 (0,0): [11.02.2018 04:41:49.928 ] Unity.RenderPipelines.Core.ShaderLibrary.dll: no prior compilation found in cache. Caller PID: 1020
 (0,0): [11.02.2018 04:41:49.938 ] Unity.RenderPipelines.Core.ShaderLibrary.dll compiling...
 (0,0): [11.02.2018 04:41:49.970 ] Unity.RenderPipelines.Core.ShaderLibrary.dll: emitting IL to : C:\Works\git\LiveWallpaperForAndroid\HEX\Temp\Unity.RenderPipelines.Core.ShaderLibrary.dll
 (0,0): [11.02.2018 04:41:50.000 ] Unity.RenderPipelines.Core.ShaderLibrary.dll compilation finished in 62ms  source files re-parsed: 1 metadata reloaded: 0
 (0,0): [11.02.2018 04:41:50.010 ] Unity.RenderPipelines.Core.ShaderLibrary.dll: session status updated to IncrementalCompilationStatus.Finished for Caller PID: 1020
 (0,0): [11.02.2018 04:41:50.066 ] Unity.Entities.dll: no prior compilation found in cache. Caller PID: 1020
 (0,0): [11.02.2018 04:41:50.097 ] Unity.Entities.dll compiling...
 (0,0): [11.02.2018 04:41:50.404 ] Unity.Jobs.dll: no prior compilation found in cache. Caller PID: 1020
 (0,0): [11.02.2018 04:41:50.429 ] Unity.Jobs.dll compiling...
 (0,0): [11.02.2018 04:41:50.632 ] Unity.ShaderGraph.Editor.dll: no prior compilation found in cache. Caller PID: 1020
 (0,0): [11.02.2018 04:41:50.642 ] Unity.ShaderGraph.Editor.dll compiling...
 (0,0): [11.02.2018 04:41:50.724 ] Unity.RenderPipelines.HighDefinition.Runtime.dll: emitting IL to : C:\Works\git\LiveWallpaperForAndroid\HEX\Temp\Unity.RenderPipelines.HighDefinition.Runtime.dll
 (0,0): [11.02.2018 04:41:50.739 ] Unity.RenderPipelines.HighDefinition.Runtime.dll compilation finished in 1643ms  source files re-parsed: 179 metadata reloaded: 2
 (0,0): [11.02.2018 04:41:50.749 ] Unity.RenderPipelines.HighDefinition.Runtime.dll: session status updated to IncrementalCompilationStatus.Finished for Caller PID: 1020
 (0,0): [11.02.2018 04:41:51.497 ] Unity.Entities.dll: emitting IL to : C:\Works\git\LiveWallpaperForAndroid\HEX\Temp\Unity.Entities.dll
 (0,0): [11.02.2018 04:41:51.509 ] Unity.Entities.dll compilation finished in 1412ms  source files re-parsed: 58 metadata reloaded: 2
 (0,0): [11.02.2018 04:41:51.519 ] Unity.Entities.dll: session status updated to IncrementalCompilationStatus.Finished for Caller PID: 1020
 (0,0): [11.02.2018 04:41:51.564 ] Unity.Jobs.dll: emitting IL to : C:\Works\git\LiveWallpaperForAndroid\HEX\Temp\Unity.Jobs.dll
 (0,0): [11.02.2018 04:41:51.574 ] Unity.Jobs.dll compilation finished in 1145ms  source files re-parsed: 3 metadata reloaded: 0
 (0,0): [11.02.2018 04:41:51.584 ] Unity.Jobs.dll: session status updated to IncrementalCompilationStatus.Finished for Caller PID: 1020
 (0,0): [11.02.2018 04:41:53.635 ] Unity.PackageManagerUI.Editor.dll: no prior compilation found in cache. Caller PID: 1020
 (0,0): [11.02.2018 04:41:53.664 ] Unity.Entities.Hybrid.dll: no prior compilation found in cache. Caller PID: 1020
 (0,0): [11.02.2018 04:41:53.664 ] Unity.PackageManagerUI.Editor.dll compiling...
 (0,0): [11.02.2018 04:41:53.674 ] Unity.Entities.Hybrid.dll compiling...
 (0,0): [11.02.2018 04:41:54.021 ] Unity.RenderPipelines.Core.Editor.dll: no prior compilation found in cache. Caller PID: 1020
 (0,0): [11.02.2018 04:41:54.031 ] Unity.RenderPipelines.Core.Editor.dll compiling...
 (0,0): [11.02.2018 04:41:54.254 ] Unity.ShaderGraph.Editor.dll: emitting IL to : C:\Works\git\LiveWallpaperForAndroid\HEX\Temp\Unity.ShaderGraph.Editor.dll
 (0,0): [11.02.2018 04:41:54.271 ] Unity.ShaderGraph.Editor.dll compilation finished in 3629ms  source files re-parsed: 399 metadata reloaded: 1
 (0,0): [11.02.2018 04:41:54.281 ] Unity.ShaderGraph.Editor.dll: session status updated to IncrementalCompilationStatus.Finished for Caller PID: 1020
 (0,0): [11.02.2018 04:41:54.438 ] Unity.Entities.Hybrid.dll: emitting IL to : C:\Works\git\LiveWallpaperForAndroid\HEX\Temp\Unity.Entities.Hybrid.dll
 (0,0): [11.02.2018 04:41:54.462 ] Unity.Properties.Editor.dll: no prior compilation found in cache. Caller PID: 1020
 (0,0): [11.02.2018 04:41:54.503 ] Unity.Properties.Editor.dll compiling...
 (0,0): [11.02.2018 04:41:54.504 ] Unity.Entities.Hybrid.dll compilation finished in 829ms  source files re-parsed: 12 metadata reloaded: 2
 (0,0): [11.02.2018 04:41:54.512 ] Unity.RenderPipelines.Core.Editor.dll: emitting IL to : C:\Works\git\LiveWallpaperForAndroid\HEX\Temp\Unity.RenderPipelines.Core.Editor.dll
 (0,0): [11.02.2018 04:41:54.514 ] Unity.Entities.Hybrid.dll: session status updated to IncrementalCompilationStatus.Finished for Caller PID: 1020
 (0,0): [11.02.2018 04:41:54.525 ] Unity.RenderPipelines.Core.Editor.dll compilation finished in 494ms  source files re-parsed: 20 metadata reloaded: 0
 (0,0): [11.02.2018 04:41:54.528 ] Unity.PackageManagerUI.Editor.dll: emitting IL to : C:\Works\git\LiveWallpaperForAndroid\HEX\Temp\Unity.PackageManagerUI.Editor.dll
 (0,0): [11.02.2018 04:41:54.535 ] Unity.RenderPipelines.Core.Editor.dll: session status updated to IncrementalCompilationStatus.Finished for Caller PID: 1020
 (0,0): [11.02.2018 04:41:54.539 ] Unity.PackageManagerUI.Editor.dll compilation finished in 874ms  source files re-parsed: 52 metadata reloaded: 0
 (0,0): [11.02.2018 04:41:54.549 ] Unity.PackageManagerUI.Editor.dll: session status updated to IncrementalCompilationStatus.Finished for Caller PID: 1020
 (0,0): [11.02.2018 04:41:54.789 ] Unity.Transforms.dll: no prior compilation found in cache. Caller PID: 1020
 (0,0): [11.02.2018 04:41:54.799 ] Unity.Transforms.dll compiling...
 (0,0): [11.02.2018 04:41:54.806 ] Unity.Properties.Editor.dll: emitting IL to : C:\Works\git\LiveWallpaperForAndroid\HEX\Temp\Unity.Properties.Editor.dll
 (0,0): [11.02.2018 04:41:54.818 ] Unity.Properties.Editor.dll compilation finished in 314ms  source files re-parsed: 23 metadata reloaded: 1
 (0,0): [11.02.2018 04:41:54.828 ] Unity.Properties.Editor.dll: session status updated to IncrementalCompilationStatus.Finished for Caller PID: 1020
 (0,0): [11.02.2018 04:41:54.911 ] Unity.Transforms.dll: emitting IL to : C:\Works\git\LiveWallpaperForAndroid\HEX\Temp\Unity.Transforms.dll
 (0,0): [11.02.2018 04:41:54.933 ] Unity.Transforms.dll compilation finished in 134ms  source files re-parsed: 9 metadata reloaded: 1
 (0,0): [11.02.2018 04:41:54.943 ] Unity.Transforms.dll: session status updated to IncrementalCompilationStatus.Finished for Caller PID: 1020
 (0,0): [11.02.2018 04:41:54.943 ] Unity.Postprocessing.Editor.dll: no prior compilation found in cache. Caller PID: 1020
 (0,0): [11.02.2018 04:41:54.953 ] Unity.Postprocessing.Editor.dll compiling...
 (0,0): [11.02.2018 04:41:55.032 ] Unity.TextMeshPro.Editor.dll: no prior compilation found in cache. Caller PID: 1020
 (0,0): [11.02.2018 04:41:55.042 ] Unity.TextMeshPro.Editor.dll compiling...
 (0,0): [11.02.2018 04:41:55.324 ] Unity.Postprocessing.Editor.dll: emitting IL to : C:\Works\git\LiveWallpaperForAndroid\HEX\Temp\Unity.Postprocessing.Editor.dll
 (0,0): [11.02.2018 04:41:55.335 ] Unity.Postprocessing.Editor.dll compilation finished in 382ms  source files re-parsed: 35 metadata reloaded: 0
 (0,0): [11.02.2018 04:41:55.345 ] Unity.Postprocessing.Editor.dll: session status updated to IncrementalCompilationStatus.Finished for Caller PID: 1020
 (0,0): [11.02.2018 04:41:55.862 ] Unity.Rendering.Hybrid.dll: no prior compilation found in cache. Caller PID: 1020
 (0,0): [11.02.2018 04:41:55.872 ] Unity.Rendering.Hybrid.dll compiling...
 (0,0): [11.02.2018 04:41:55.874 ] Unity.Entities.Properties.dll: no prior compilation found in cache. Caller PID: 1020
 (0,0): [11.02.2018 04:41:55.885 ] Unity.Entities.Properties.dll compiling...
 (0,0): [11.02.2018 04:41:55.895 ] Unity.TextMeshPro.Editor.dll: emitting IL to : C:\Works\git\LiveWallpaperForAndroid\HEX\Temp\Unity.TextMeshPro.Editor.dll
 (0,0): [11.02.2018 04:41:55.907 ] Unity.TextMeshPro.Editor.dll compilation finished in 865ms  source files re-parsed: 40 metadata reloaded: 1
 (0,0): [11.02.2018 04:41:55.917 ] Unity.TextMeshPro.Editor.dll: session status updated to IncrementalCompilationStatus.Finished for Caller PID: 1020
 (0,0): [11.02.2018 04:41:55.989 ] Unity.Transforms.Hybrid.dll: no prior compilation found in cache. Caller PID: 1020
 (0,0): [11.02.2018 04:41:55.999 ] Unity.Transforms.Hybrid.dll compiling...
 (0,0): [11.02.2018 04:41:56.094 ] Unity.Entities.Properties.dll: emitting IL to : C:\Works\git\LiveWallpaperForAndroid\HEX\Temp\Unity.Entities.Properties.dll
 (0,0): [11.02.2018 04:41:56.105 ] Unity.Entities.Properties.dll compilation finished in 219ms  source files re-parsed: 14 metadata reloaded: 0
 (0,0): [11.02.2018 04:41:56.115 ] Unity.Entities.Properties.dll: session status updated to IncrementalCompilationStatus.Finished for Caller PID: 1020
 (0,0): [11.02.2018 04:41:56.139 ] Unity.Rendering.Hybrid.dll: emitting IL to : C:\Works\git\LiveWallpaperForAndroid\HEX\Temp\Unity.Rendering.Hybrid.dll
 (0,0): [11.02.2018 04:41:56.167 ] Unity.Rendering.Hybrid.dll compilation finished in 295ms  source files re-parsed: 9 metadata reloaded: 1
 (0,0): [11.02.2018 04:41:56.170 ] Unity.Transforms.Hybrid.dll: emitting IL to : C:\Works\git\LiveWallpaperForAndroid\HEX\Temp\Unity.Transforms.Hybrid.dll
 (0,0): [11.02.2018 04:41:56.177 ] Unity.Rendering.Hybrid.dll: session status updated to IncrementalCompilationStatus.Finished for Caller PID: 1020
 (0,0): [11.02.2018 04:41:56.180 ] Unity.Transforms.Hybrid.dll compilation finished in 181ms  source files re-parsed: 6 metadata reloaded: 0
 (0,0): [11.02.2018 04:41:56.190 ] Unity.Transforms.Hybrid.dll: session status updated to IncrementalCompilationStatus.Finished for Caller PID: 1020
 (0,0): [11.02.2018 04:41:56.289 ] Unity.RenderPipelines.HighDefinition.Editor.dll: no prior compilation found in cache. Caller PID: 1020
 (0,0): [11.02.2018 04:41:56.299 ] Unity.RenderPipelines.HighDefinition.Editor.dll compiling...
 (0,0): [11.02.2018 04:41:57.304 ] Unity.Entities.Editor.dll: no prior compilation found in cache. Caller PID: 1020
 (0,0): [11.02.2018 04:41:57.314 ] Unity.Entities.Editor.dll compiling...
 (0,0): [11.02.2018 04:41:57.353 ] Unity.CollabProxy.Editor.dll: no prior compilation found in cache. Caller PID: 1020
 (0,0): [11.02.2018 04:41:57.364 ] Unity.CollabProxy.Editor.dll compiling...
 (0,0): [11.02.2018 04:41:57.523 ] Unity.Burst.Editor.dll: no prior compilation found in cache. Caller PID: 1020
 (0,0): [11.02.2018 04:41:57.533 ] Unity.Burst.Editor.dll compiling...
 (0,0): [11.02.2018 04:41:57.607 ] Unity.RenderPipelines.HighDefinition.Editor.dll: emitting IL to : C:\Works\git\LiveWallpaperForAndroid\HEX\Temp\Unity.RenderPipelines.HighDefinition.Editor.dll
 (0,0): [11.02.2018 04:41:57.627 ] Unity.RenderPipelines.HighDefinition.Editor.dll compilation finished in 1328ms  source files re-parsed: 149 metadata reloaded: 4
 (0,0): [11.02.2018 04:41:57.637 ] Unity.RenderPipelines.HighDefinition.Editor.dll: session status updated to IncrementalCompilationStatus.Finished for Caller PID: 1020
 (0,0): [11.02.2018 04:41:58.196 ] Unity.Burst.Editor.dll: emitting IL to : C:\Works\git\LiveWallpaperForAndroid\HEX\Temp\Unity.Burst.Editor.dll
 (0,0): [11.02.2018 04:41:58.208 ] Unity.Burst.Editor.dll compilation finished in 675ms  source files re-parsed: 10 metadata reloaded: 0
 (0,0): [11.02.2018 04:41:58.218 ] Unity.Burst.Editor.dll: session status updated to IncrementalCompilationStatus.Finished for Caller PID: 1020
 (0,0): [11.02.2018 04:41:58.314 ] Unity.Properties.Codegen.dll: no prior compilation found in cache. Caller PID: 1020
 (0,0): [11.02.2018 04:41:58.367 ] Unity.Properties.Codegen.dll compiling...
 (0,0): [11.02.2018 04:41:58.384 ] Unity.CollabProxy.Editor.dll: emitting IL to : C:\Works\git\LiveWallpaperForAndroid\HEX\Temp\Unity.CollabProxy.Editor.dll
 (0,0): [11.02.2018 04:41:58.389 ] Unity.Mathematics.Editor.dll: no prior compilation found in cache. Caller PID: 1020
 (0,0): [11.02.2018 04:41:58.395 ] Unity.CollabProxy.Editor.dll compilation finished in 1031ms  source files re-parsed: 17 metadata reloaded: 0
 (0,0): [11.02.2018 04:41:58.397 ] Unity.Entities.Editor.dll: emitting IL to : C:\Works\git\LiveWallpaperForAndroid\HEX\Temp\Unity.Entities.Editor.dll
 (0,0): [11.02.2018 04:41:58.399 ] Unity.Mathematics.Editor.dll compiling...
 (0,0): [11.02.2018 04:41:58.413 ] Unity.CollabProxy.Editor.dll: session status updated to IncrementalCompilationStatus.Finished for Caller PID: 1020
 (0,0): [11.02.2018 04:41:58.414 ] Unity.Entities.Editor.dll compilation finished in 1100ms  source files re-parsed: 25 metadata reloaded: 1
 (0,0): [11.02.2018 04:41:58.424 ] Unity.Entities.Editor.dll: session status updated to IncrementalCompilationStatus.Finished for Caller PID: 1020
 (0,0): [11.02.2018 04:41:58.481 ] Unity.Properties.Codegen.dll: emitting IL to : C:\Works\git\LiveWallpaperForAndroid\HEX\Temp\Unity.Properties.Codegen.dll
 (0,0): [11.02.2018 04:41:58.491 ] Unity.Properties.Codegen.dll compilation finished in 124ms  source files re-parsed: 7 metadata reloaded: 0
 (0,0): [11.02.2018 04:41:58.493 ] Unity.Mathematics.Editor.dll: emitting IL to : C:\Works\git\LiveWallpaperForAndroid\HEX\Temp\Unity.Mathematics.Editor.dll
 (0,0): [11.02.2018 04:41:58.502 ] Unity.Properties.Codegen.dll: session status updated to IncrementalCompilationStatus.Finished for Caller PID: 1020
 (0,0): [11.02.2018 04:41:58.522 ] Unity.Mathematics.Editor.dll compilation finished in 123ms  source files re-parsed: 4 metadata reloaded: 0
 (0,0): [11.02.2018 04:41:58.532 ] Unity.Mathematics.Editor.dll: session status updated to IncrementalCompilationStatus.Finished for Caller PID: 1020
 (0,0): [11.02.2018 04:41:58.533 ] Unity.Analytics.Android.Editor.dll: no prior compilation found in cache. Caller PID: 1020
 (0,0): [11.02.2018 04:41:58.546 ] Unity.Analytics.Android.Editor.dll compiling...
 (0,0): [11.02.2018 04:41:58.566 ] Unity.Analytics.Android.Editor.dll: emitting IL to : C:\Works\git\LiveWallpaperForAndroid\HEX\Temp\Unity.Analytics.Android.Editor.dll
 (0,0): [11.02.2018 04:41:58.576 ] Unity.Analytics.Android.Editor.dll compilation finished in 29ms  source files re-parsed: 1 metadata reloaded: 0
 (0,0): [11.02.2018 04:41:58.586 ] Unity.Analytics.Android.Editor.dll: session status updated to IncrementalCompilationStatus.Finished for Caller PID: 1020
 (0,0): [11.02.2018 04:41:58.632 ] Unity.Jobs.Editor.dll: no prior compilation found in cache. Caller PID: 1020
 (0,0): [11.02.2018 04:41:58.642 ] Unity.Jobs.Editor.dll compiling...
 (0,0): [11.02.2018 04:41:58.681 ] Unity.Jobs.Editor.dll: emitting IL to : C:\Works\git\LiveWallpaperForAndroid\HEX\Temp\Unity.Jobs.Editor.dll
 (0,0): [11.02.2018 04:41:58.693 ] Unity.Jobs.Editor.dll compilation finished in 51ms  source files re-parsed: 1 metadata reloaded: 0
 (0,0): [11.02.2018 04:41:58.703 ] Unity.Jobs.Editor.dll: session status updated to IncrementalCompilationStatus.Finished for Caller PID: 1020
 (0,0): [11.02.2018 04:41:58.740 ] Unity.Transforms.Editor.dll: no prior compilation found in cache. Caller PID: 1020
 (0,0): [11.02.2018 04:41:58.750 ] Unity.Transforms.Editor.dll compiling...
 (0,0): [11.02.2018 04:41:58.781 ] Unity.Transforms.Editor.dll: emitting IL to : C:\Works\git\LiveWallpaperForAndroid\HEX\Temp\Unity.Transforms.Editor.dll
 (0,0): [11.02.2018 04:41:58.791 ] Unity.Transforms.Editor.dll compilation finished in 41ms  source files re-parsed: 1 metadata reloaded: 2
 (0,0): [11.02.2018 04:41:58.801 ] Unity.Transforms.Editor.dll: session status updated to IncrementalCompilationStatus.Finished for Caller PID: 1020
 (0,0): [11.02.2018 04:42:12.125 ] Assembly-CSharp.dll: no prior compilation found in cache. Caller PID: 1020
 (0,0): [11.02.2018 04:42:12.135 ] Assembly-CSharp.dll compiling...
 (0,0): [11.02.2018 04:42:12.255 ] Assembly-CSharp.dll: emitting IL to : C:\Works\git\LiveWallpaperForAndroid\HEX\Temp\Assembly-CSharp.dll
 (0,0): [11.02.2018 04:42:12.278 ] Assembly-CSharp.dll compilation finished in 143ms  source files re-parsed: 6 metadata reloaded: 13
 (0,0): [11.02.2018 04:42:12.288 ] Assembly-CSharp.dll: session status updated to IncrementalCompilationStatus.Finished for Caller PID: 1020
 (0,0): [11.02.2018 04:42:56.003 ] Assembly-CSharp.dll: no prior compilation found in cache. Caller PID: 1020
 (0,0): [11.02.2018 04:42:56.013 ] Assembly-CSharp.dll compiling...
 (0,0): [11.02.2018 04:42:56.064 ] Assembly-CSharp.dll: emitting IL to : C:\Works\git\LiveWallpaperForAndroid\HEX\Temp\Assembly-CSharp.dll
 (0,0): [11.02.2018 04:42:56.075 ] Assembly-CSharp.dll compilation finished in 62ms  source files re-parsed: 5 metadata reloaded: 0
 (0,0): [11.02.2018 04:42:56.086 ] Assembly-CSharp.dll: session status updated to IncrementalCompilationStatus.Finished for Caller PID: 1020
 (0,0): [11.02.2018 04:45:34.519 ] Assembly-CSharp.dll compiling...
 (0,0): [11.02.2018 04:45:34.578 ] Assembly-CSharp.dll: emitting IL to : C:\Works\git\LiveWallpaperForAndroid\HEX\Temp\Assembly-CSharp.dll
 (0,0): [11.02.2018 04:45:34.624 ] Assembly-CSharp.dll compilation finished in 104ms  source files re-parsed: 1 metadata reloaded: 0
 (0,0): [11.02.2018 04:45:34.634 ] Assembly-CSharp.dll: compilation was cached, 1 file(s) were found to have changed. Caller PID: 1020
 (0,0): [11.02.2018 04:45:34.644 ] Assembly-CSharp.dll: session status updated to IncrementalCompilationStatus.Finished for Caller PID: 1020
 (0,0): [11.02.2018 04:46:19.578 ] Compiler cache size is now 20,53 MB
 (0,0): [11.02.2018 04:49:35.201 ] Assembly-CSharp.dll compiling...
 (0,0): [11.02.2018 04:49:35.226 ] Assembly-CSharp.dll: emitting IL to : C:\Works\git\LiveWallpaperForAndroid\HEX\Temp\Assembly-CSharp.dll
 (0,0): [11.02.2018 04:49:35.236 ] Assembly-CSharp.dll compilation finished in 34ms  source files re-parsed: 1 metadata reloaded: 0
 (0,0): [11.02.2018 04:49:35.247 ] Assembly-CSharp.dll: compilation was cached, 1 file(s) were found to have changed. Caller PID: 1020
 (0,0): [11.02.2018 04:49:35.257 ] Assembly-CSharp.dll: session status updated to IncrementalCompilationStatus.Finished for Caller PID: 1020
 (0,0): [11.02.2018 04:52:19.844 ] Assembly-CSharp.dll compiling...
 (0,0): [11.02.2018 04:52:19.879 ] Assembly-CSharp.dll: emitting IL to : C:\Works\git\LiveWallpaperForAndroid\HEX\Temp\Assembly-CSharp.dll
 (0,0): [11.02.2018 04:52:19.892 ] Assembly-CSharp.dll compilation finished in 47ms  source files re-parsed: 1 metadata reloaded: 0
 (0,0): [11.02.2018 04:52:19.902 ] Assembly-CSharp.dll: compilation was cached, 1 file(s) were found to have changed. Caller PID: 1020
 (0,0): [11.02.2018 04:52:19.912 ] Assembly-CSharp.dll: session status updated to IncrementalCompilationStatus.Finished for Caller PID: 1020
